<?xml version="1.0" encoding="UTF-8"?>
<testng-results skipped="0" failed="0" total="1" passed="1">
  <reporter-output>
  </reporter-output>
  <suite name="Default suite" duration-ms="9856" started-at="2016-12-03T13:49:05Z" finished-at="2016-12-03T13:49:15Z">
    <groups>
    </groups>
    <test name="Default test" duration-ms="9856" started-at="2016-12-03T13:49:05Z" finished-at="2016-12-03T13:49:15Z">
      <class name="scripts.InvalidLogin">
        <test-method status="PASS" signature="precondition()[pri:0, instance:scripts.InvalidLogin@2d45ba]" name="precondition" is-config="true" duration-ms="9632" started-at="2016-12-03T19:19:05Z" finished-at="2016-12-03T19:19:14Z">
          <reporter-output>
          </reporter-output>
        </test-method> <!-- precondition -->
        <test-method status="PASS" signature="testInvalidLogin()[pri:0, instance:scripts.InvalidLogin@2d45ba]" name="testInvalidLogin" duration-ms="13" started-at="2016-12-03T19:19:14Z" finished-at="2016-12-03T19:19:14Z">
          <reporter-output>
          </reporter-output>
        </test-method> <!-- testInvalidLogin -->
        <test-method status="PASS" signature="postCondition()[pri:0, instance:scripts.InvalidLogin@2d45ba]" name="postCondition" is-config="true" duration-ms="179" started-at="2016-12-03T19:19:14Z" finished-at="2016-12-03T19:19:15Z">
          <reporter-output>
          </reporter-output>
        </test-method> <!-- postCondition -->
      </class> <!-- scripts.InvalidLogin -->
    </test> <!-- Default test -->
  </suite> <!-- Default suite -->
</testng-results>
