<?xml version="1.0" encoding="UTF-8"?>
<testng-results skipped="3" failed="0" total="3" passed="0">
  <reporter-output>
  </reporter-output>
  <suite name="Suite" duration-ms="2626" started-at="2016-12-04T12:46:14Z" finished-at="2016-12-04T12:46:17Z">
    <groups>
    </groups>
    <test name="TestGC" duration-ms="2626" started-at="2016-12-04T12:46:14Z" finished-at="2016-12-04T12:46:17Z">
      <class name="scripts.ValidLoginLogout">
        <test-method status="SKIP" signature="testValidLoginLogout()[pri:0, instance:scripts.ValidLoginLogout@c0edeb]" name="testValidLoginLogout" duration-ms="31" started-at="2016-12-04T18:16:17Z" finished-at="2016-12-04T18:16:17Z">
          <reporter-output>
          </reporter-output>
        </test-method> <!-- testValidLoginLogout -->
        <test-method status="SKIP" signature="precondition()[pri:0, instance:scripts.ValidLoginLogout@c0edeb]" name="precondition" is-config="true" duration-ms="0" started-at="2016-12-04T18:16:17Z" finished-at="2016-12-04T18:16:17Z">
          <reporter-output>
          </reporter-output>
        </test-method> <!-- precondition -->
        <test-method status="SKIP" signature="postCondition()[pri:0, instance:scripts.ValidLoginLogout@c0edeb]" name="postCondition" is-config="true" duration-ms="0" started-at="2016-12-04T18:16:17Z" finished-at="2016-12-04T18:16:17Z">
          <reporter-output>
          </reporter-output>
        </test-method> <!-- postCondition -->
      </class> <!-- scripts.ValidLoginLogout -->
      <class name="scripts.VerifyProductVersion">
        <test-method status="SKIP" signature="postCondition()[pri:0, instance:scripts.VerifyProductVersion@23a2f9]" name="postCondition" is-config="true" duration-ms="0" started-at="2016-12-04T18:16:17Z" finished-at="2016-12-04T18:16:17Z">
          <reporter-output>
          </reporter-output>
        </test-method> <!-- postCondition -->
        <test-method status="SKIP" signature="testVerifyProductVersion()[pri:0, instance:scripts.VerifyProductVersion@23a2f9]" name="testVerifyProductVersion" duration-ms="0" started-at="2016-12-04T18:16:17Z" finished-at="2016-12-04T18:16:17Z">
          <reporter-output>
          </reporter-output>
        </test-method> <!-- testVerifyProductVersion -->
        <test-method status="SKIP" signature="precondition()[pri:0, instance:scripts.VerifyProductVersion@23a2f9]" name="precondition" is-config="true" duration-ms="0" started-at="2016-12-04T18:16:17Z" finished-at="2016-12-04T18:16:17Z">
          <reporter-output>
          </reporter-output>
        </test-method> <!-- precondition -->
      </class> <!-- scripts.VerifyProductVersion -->
      <class name="scripts.InvalidLogin">
        <test-method status="FAIL" signature="precondition()[pri:0, instance:scripts.InvalidLogin@1604f19]" name="precondition" is-config="true" duration-ms="0" started-at="2016-12-04T18:16:14Z" finished-at="2016-12-04T18:16:14Z">
          <exception class="org.openqa.selenium.SessionNotCreatedException">
            <message>
              <![CDATA[Unable to create new remote session. desired capabilities = Capabilities [{browserName=chrome}], required capabilities = Capabilities [{}]
Build info: version: 'unknown', revision: '1969d75', time: '2016-10-18 09:43:45 -0700'
System info: host: 'Kamalesh', ip: '192.168.1.45', os.name: 'Windows 8.1', os.arch: 'x86', os.version: '6.3', java.version: '1.8.0_111'
Driver info: driver.version: RemoteWebDriver]]>
            </message>
            <full-stacktrace>
              <![CDATA[org.openqa.selenium.SessionNotCreatedException: Unable to create new remote session. desired capabilities = Capabilities [{browserName=chrome}], required capabilities = Capabilities [{}]
Build info: version: 'unknown', revision: '1969d75', time: '2016-10-18 09:43:45 -0700'
System info: host: 'Kamalesh', ip: '192.168.1.45', os.name: 'Windows 8.1', os.arch: 'x86', os.version: '6.3', java.version: '1.8.0_111'
Driver info: driver.version: RemoteWebDriver
	at org.openqa.selenium.remote.ProtocolHandshake.createSession(ProtocolHandshake.java:91)
	at org.openqa.selenium.remote.HttpCommandExecutor.execute(HttpCommandExecutor.java:141)
	at org.openqa.selenium.remote.RemoteWebDriver.execute(RemoteWebDriver.java:601)
	at org.openqa.selenium.remote.RemoteWebDriver.startSession(RemoteWebDriver.java:241)
	at org.openqa.selenium.remote.RemoteWebDriver.<init>(RemoteWebDriver.java:128)
	at org.openqa.selenium.remote.RemoteWebDriver.<init>(RemoteWebDriver.java:155)
	at scripts.BaseTest.precondition(BaseTest.java:32)
	at sun.reflect.NativeMethodAccessorImpl.invoke0(Native Method)
	at sun.reflect.NativeMethodAccessorImpl.invoke(Unknown Source)
	at sun.reflect.DelegatingMethodAccessorImpl.invoke(Unknown Source)
	at java.lang.reflect.Method.invoke(Unknown Source)
	at org.testng.internal.MethodInvocationHelper.invokeMethod(MethodInvocationHelper.java:100)
	at org.testng.internal.Invoker.invokeConfigurationMethod(Invoker.java:515)
	at org.testng.internal.Invoker.invokeConfigurations(Invoker.java:216)
	at org.testng.internal.Invoker.invokeMethod(Invoker.java:590)
	at org.testng.internal.Invoker.invokeTestMethod(Invoker.java:811)
	at org.testng.internal.Invoker.invokeTestMethods(Invoker.java:1137)
	at org.testng.internal.TestMethodWorker.invokeTestMethods(TestMethodWorker.java:129)
	at org.testng.internal.TestMethodWorker.run(TestMethodWorker.java:112)
	at org.testng.TestRunner.privateRun(TestRunner.java:753)
	at org.testng.TestRunner.run(TestRunner.java:607)
	at org.testng.SuiteRunner.runTest(SuiteRunner.java:368)
	at org.testng.SuiteRunner.runSequentially(SuiteRunner.java:363)
	at org.testng.SuiteRunner.privateRun(SuiteRunner.java:321)
	at org.testng.SuiteRunner.run(SuiteRunner.java:270)
	at org.testng.SuiteRunnerWorker.runSuite(SuiteRunnerWorker.java:52)
	at org.testng.SuiteRunnerWorker.run(SuiteRunnerWorker.java:86)
	at org.testng.TestNG.runSuitesSequentially(TestNG.java:1284)
	at org.testng.TestNG.runSuitesLocally(TestNG.java:1209)
	at org.testng.TestNG.runSuites(TestNG.java:1124)
	at org.testng.TestNG.run(TestNG.java:1096)
	at org.testng.remote.AbstractRemoteTestNG.run(AbstractRemoteTestNG.java:132)
	at org.testng.remote.RemoteTestNG.initAndRun(RemoteTestNG.java:236)
	at org.testng.remote.RemoteTestNG.main(RemoteTestNG.java:81)
]]>
            </full-stacktrace>
          </exception> <!-- org.openqa.selenium.SessionNotCreatedException -->
          <reporter-output>
          </reporter-output>
        </test-method> <!-- precondition -->
        <test-method status="SKIP" signature="testInvalidLogin()[pri:0, instance:scripts.InvalidLogin@1604f19]" name="testInvalidLogin" duration-ms="0" started-at="2016-12-04T18:16:17Z" finished-at="2016-12-04T18:16:17Z">
          <reporter-output>
          </reporter-output>
        </test-method> <!-- testInvalidLogin -->
        <test-method status="SKIP" signature="postCondition()[pri:0, instance:scripts.InvalidLogin@1604f19]" name="postCondition" is-config="true" duration-ms="0" started-at="2016-12-04T18:16:17Z" finished-at="2016-12-04T18:16:17Z">
          <reporter-output>
          </reporter-output>
        </test-method> <!-- postCondition -->
      </class> <!-- scripts.InvalidLogin -->
    </test> <!-- TestGC -->
  </suite> <!-- Suite -->
</testng-results>
